[23-Mar-2017 16:25:37] NOTICE: fpm is running, pid 851
[23-Mar-2017 16:25:37] NOTICE: ready to handle connections
[24-Mar-2017 14:08:04] NOTICE: fpm is running, pid 503
[24-Mar-2017 14:08:04] NOTICE: ready to handle connections
[24-Mar-2017 15:47:29] NOTICE: fpm is running, pid 474
[24-Mar-2017 15:47:29] NOTICE: ready to handle connections
[24-Mar-2017 16:49:43] NOTICE: fpm is running, pid 474
[24-Mar-2017 16:49:43] NOTICE: ready to handle connections
[26-Mar-2017 15:44:15] NOTICE: fpm is running, pid 608
[26-Mar-2017 15:44:15] NOTICE: ready to handle connections
[27-Mar-2017 19:18:04] NOTICE: fpm is running, pid 460
[27-Mar-2017 19:18:04] NOTICE: ready to handle connections
[28-Mar-2017 16:03:24] NOTICE: fpm is running, pid 607
[28-Mar-2017 16:03:24] NOTICE: ready to handle connections
[28-Mar-2017 18:51:07] WARNING: [pool www] server reached pm.max_children setting (5), consider raising it
[28-Mar-2017 19:08:43] WARNING: [pool www] server reached pm.max_children setting (5), consider raising it
[28-Mar-2017 19:08:53] WARNING: [pool www] server reached pm.max_children setting (5), consider raising it
[28-Mar-2017 19:09:43] WARNING: [pool www] server reached pm.max_children setting (5), consider raising it
[28-Mar-2017 19:11:49] WARNING: [pool www] server reached pm.max_children setting (5), consider raising it
[28-Mar-2017 19:12:05] WARNING: [pool www] server reached pm.max_children setting (5), consider raising it
[28-Mar-2017 19:13:28] WARNING: [pool www] server reached pm.max_children setting (5), consider raising it
[28-Mar-2017 19:15:18] WARNING: [pool www] server reached pm.max_children setting (5), consider raising it
[28-Mar-2017 19:15:35] WARNING: [pool www] server reached pm.max_children setting (5), consider raising it
[28-Mar-2017 19:15:54] WARNING: [pool www] server reached pm.max_children setting (5), consider raising it
[28-Mar-2017 19:16:39] WARNING: [pool www] server reached pm.max_children setting (5), consider raising it
[28-Mar-2017 20:32:31] WARNING: [pool www] server reached pm.max_children setting (5), consider raising it
[28-Mar-2017 20:33:34] WARNING: [pool www] server reached pm.max_children setting (5), consider raising it
[28-Mar-2017 21:32:40] WARNING: [pool www] server reached pm.max_children setting (5), consider raising it
[29-Mar-2017 16:00:08] WARNING: [pool www] server reached pm.max_children setting (5), consider raising it
[29-Mar-2017 19:21:39] WARNING: [pool www] server reached pm.max_children setting (5), consider raising it
[29-Mar-2017 19:23:30] WARNING: [pool www] server reached pm.max_children setting (5), consider raising it
[29-Mar-2017 19:23:54] WARNING: [pool www] server reached pm.max_children setting (5), consider raising it
[29-Mar-2017 19:25:35] WARNING: [pool www] server reached pm.max_children setting (5), consider raising it
[29-Mar-2017 19:26:09] WARNING: [pool www] server reached pm.max_children setting (5), consider raising it
[29-Mar-2017 19:28:25] WARNING: [pool www] server reached pm.max_children setting (5), consider raising it
[29-Mar-2017 19:43:01] WARNING: [pool www] server reached pm.max_children setting (5), consider raising it
[29-Mar-2017 19:43:54] WARNING: [pool www] server reached pm.max_children setting (5), consider raising it
[29-Mar-2017 20:21:09] WARNING: [pool www] server reached pm.max_children setting (5), consider raising it
[29-Mar-2017 20:40:20] NOTICE: fpm is running, pid 608
[29-Mar-2017 20:40:20] NOTICE: ready to handle connections
[30-Mar-2017 15:43:42] WARNING: [pool www] server reached pm.max_children setting (5), consider raising it
[30-Mar-2017 16:07:38] WARNING: [pool www] server reached pm.max_children setting (5), consider raising it
[30-Mar-2017 18:13:14] WARNING: [pool www] server reached pm.max_children setting (5), consider raising it
[31-Mar-2017 13:58:19] NOTICE: fpm is running, pid 645
[31-Mar-2017 13:58:19] NOTICE: ready to handle connections
[03-Apr-2017 04:25:19] NOTICE: fpm is running, pid 609
[03-Apr-2017 04:25:19] NOTICE: ready to handle connections
[03-Apr-2017 19:08:06] WARNING: [pool www] server reached pm.max_children setting (5), consider raising it
[05-Apr-2017 15:33:16] NOTICE: fpm is running, pid 472
[05-Apr-2017 15:33:16] NOTICE: ready to handle connections
[10-Apr-2017 14:57:01] NOTICE: fpm is running, pid 471
[10-Apr-2017 14:57:01] NOTICE: ready to handle connections
[10-Apr-2017 15:03:48] WARNING: [pool www] server reached pm.max_children setting (5), consider raising it
[11-Apr-2017 21:10:12] NOTICE: fpm is running, pid 604
[11-Apr-2017 21:10:12] NOTICE: ready to handle connections
[12-Apr-2017 14:15:42] NOTICE: fpm is running, pid 474
[12-Apr-2017 14:15:42] NOTICE: ready to handle connections
